<?xml version="1.0" encoding="UTF-8"?>
<!-- Generated by org.testng.reporters.JUnitReportReporter -->
<testsuite skipped="0" hostname="DESKTOP-5L9D1ND" name="iSatzFirstMaven.iFirstMaven" tests="4" failures="0" timestamp="08 May 2018 03:09:33 GMT" time="0.010" errors="0">
  <testcase name="SampleTestScript7" time="0.007" classname="iSatzFirstMaven.iFirstMaven"/>
  <testcase name="SampleTestScript5" time="0.002" classname="iSatzFirstMaven.iFirstMaven"/>
  <testcase name="SampleTestScript1" time="0.000" classname="iSatzFirstMaven.iFirstMaven"/>
  <testcase name="SampleTestScript3" time="0.001" classname="iSatzFirstMaven.iFirstMaven"/>
</testsuite> <!-- iSatzFirstMaven.iFirstMaven -->
